<?xml version="1.0" encoding="UTF-8"?>
<!-- Generated by org.testng.reporters.JUnitXMLReporter -->
<testsuite ignored="6" hostname="ISSAC" failures="3" tests="3" name="Test 1" time="0.124" errors="0" timestamp="2022-12-24T17:21:48 IST">
  <testcase classname="com.Restaurant.Testcases.VerifyPeopleCustomerTest" name="VerifyWaiterAdd" time="0.043">
    <failure type="java.lang.NullPointerException" message="Cannot invoke &amp;quot;com.Restaurant.Pageobjects.LoginPage.ValidLogin()&amp;quot; because &amp;quot;com.Restaurant.Testcases.VerifyPeopleCustomerTest.Lp&amp;quot; is null">
      <![CDATA[java.lang.NullPointerException: Cannot invoke "com.Restaurant.Pageobjects.LoginPage.ValidLogin()" because "com.Restaurant.Testcases.VerifyPeopleCustomerTest.Lp" is null
at com.Restaurant.Testcases.VerifyPeopleCustomerTest.VerifyWaiterAdd(VerifyPeopleCustomerTest.java:14)
at java.base/java.util.ArrayList.forEach(ArrayList.java:1511)
... Removed 27 stack frames]]>
    </failure>
  </testcase> <!-- VerifyWaiterAdd -->
  <testcase classname="com.Restaurant.Testcases.VerifyPeopleSupplierTest" name="VerifyAddSupplier" time="0.002">
    <failure type="java.lang.NullPointerException" message="Cannot invoke &amp;quot;com.Restaurant.Pageobjects.LoginPage.ValidLogin()&amp;quot; because &amp;quot;com.Restaurant.Testcases.VerifyPeopleSupplierTest.Lp&amp;quot; is null">
      <![CDATA[java.lang.NullPointerException: Cannot invoke "com.Restaurant.Pageobjects.LoginPage.ValidLogin()" because "com.Restaurant.Testcases.VerifyPeopleSupplierTest.Lp" is null
at com.Restaurant.Testcases.VerifyPeopleSupplierTest.VerifyAddSupplier(VerifyPeopleSupplierTest.java:14)
at java.base/java.util.ArrayList.forEach(ArrayList.java:1511)
... Removed 27 stack frames]]>
    </failure>
  </testcase> <!-- VerifyAddSupplier -->
  <testcase classname="com.Restaurant.Testcases.VerifyPeopleWaiterTest" name="VerifyWaiterAdd" time="0.001">
    <failure type="java.lang.NullPointerException" message="Cannot invoke &amp;quot;com.Restaurant.Pageobjects.LoginPage.ValidLogin()&amp;quot; because &amp;quot;com.Restaurant.Testcases.VerifyPeopleWaiterTest.Lp&amp;quot; is null">
      <![CDATA[java.lang.NullPointerException: Cannot invoke "com.Restaurant.Pageobjects.LoginPage.ValidLogin()" because "com.Restaurant.Testcases.VerifyPeopleWaiterTest.Lp" is null
at com.Restaurant.Testcases.VerifyPeopleWaiterTest.VerifyWaiterAdd(VerifyPeopleWaiterTest.java:14)
at java.base/java.util.ArrayList.forEach(ArrayList.java:1511)
... Removed 27 stack frames]]>
    </failure>
  </testcase> <!-- VerifyWaiterAdd -->
  <testcase classname="com.Restaurant.Testcases.VerifyPeopleSupplierTest" name="VerifyEditSupplier" time="0.0">
    <ignored/>
  </testcase> <!-- VerifyEditSupplier -->
  <testcase classname="com.Restaurant.Testcases.VerifyPeopleWaiterTest" name="WaiterDelete" time="0.0">
    <ignored/>
  </testcase> <!-- WaiterDelete -->
  <testcase classname="com.Restaurant.Testcases.VerifyPeopleCustomerTest" name="WaiterDelete" time="0.0">
    <ignored/>
  </testcase> <!-- WaiterDelete -->
  <testcase classname="com.Restaurant.Testcases.VerifyPeopleCustomerTest" name="verifyeditcustomer" time="0.0">
    <ignored/>
  </testcase> <!-- verifyeditcustomer -->
  <testcase classname="com.Restaurant.Testcases.VerifyPeopleSupplierTest" name="SupplierDelete" time="0.0">
    <ignored/>
  </testcase> <!-- SupplierDelete -->
  <testcase classname="com.Restaurant.Testcases.VerifyPeopleWaiterTest" name="verifyeditwaiter" time="0.0">
    <ignored/>
  </testcase> <!-- verifyeditwaiter -->
</testsuite> <!-- Test 1 -->
