<?xml version="1.0" encoding="UTF-8"?>
<!-- Generated by org.testng.reporters.JUnitXMLReporter -->
<testsuite ignored="3" hostname="ISSAC" failures="0" tests="6" name="Test" time="119.19" errors="0" timestamp="2022-12-16T09:10:06 IST">
  <testcase classname="com.Restaurant.Testcases.VerifyUserLoginTest" name="VerifyInvalidUserLogin" time="0.99"/>
  <testcase classname="com.Restaurant.Testcases.VerifyUserLoginTest" name="VerifyInvalidUserLogin" time="0.92"/>
  <testcase classname="com.Restaurant.Testcases.VerifyUserLoginTest" name="VerifyInvalidUserLogin" time="0.878"/>
  <testcase classname="com.Restaurant.Testcases.VerifyUserLoginTest" name="VerifyUserLogin" time="4.992"/>
  <testcase classname="com.Restaurant.Testcases.VerifyExpenseTest" name="VerifyAddExpense" time="17.721"/>
  <testcase classname="com.Restaurant.Testcases.VerifyExpenseTest" name="VerifyDeleteExpense" time="9.518"/>
  <testcase classname="com.Restaurant.Baseclass.Baseclass" name="@BeforeTest loadConfig" time="0.0">
    <ignored/>
  </testcase> <!-- @BeforeTest loadConfig -->
  <testcase classname="com.Restaurant.Baseclass.Baseclass" name="@BeforeSuite beforeSuite" time="0.0">
    <ignored/>
  </testcase> <!-- @BeforeSuite beforeSuite -->
  <testcase classname="com.Restaurant.Baseclass.Baseclass" name="@AfterSuite AfterSuite" time="0.0">
    <ignored/>
  </testcase> <!-- @AfterSuite AfterSuite -->
</testsuite> <!-- Test -->
