<?xml version="1.0" encoding="UTF-8"?>
<testng-results ignored="30" total="62" passed="30" failed="2" skipped="0">
  <reporter-output>
  </reporter-output>
  <suite started-at="2022-12-26T10:40:30 IST" name="Suite" finished-at="2022-12-26T10:51:57 IST" duration-ms="686416">
    <groups>
      <group name="Add">
        <method signature="VerifyPeopleCustomerTest.VerifyWaiterAdd()[pri:1, instance:com.Restaurant.Testcases.VerifyPeopleCustomerTest@8458f04]" name="VerifyWaiterAdd" class="com.Restaurant.Testcases.VerifyPeopleCustomerTest"/>
        <method signature="VerifyPeopleSupplierTest.VerifyAddSupplier()[pri:1, instance:com.Restaurant.Testcases.VerifyPeopleSupplierTest@48075da3]" name="VerifyAddSupplier" class="com.Restaurant.Testcases.VerifyPeopleSupplierTest"/>
        <method signature="VerifyPeopleWaiterTest.VerifyWaiterAdd()[pri:1, instance:com.Restaurant.Testcases.VerifyPeopleWaiterTest@68c9133c]" name="VerifyWaiterAdd" class="com.Restaurant.Testcases.VerifyPeopleWaiterTest"/>
      </group> <!-- Add -->
    </groups>
    <test started-at="2022-12-26T10:40:30 IST" name="Test 1" finished-at="2022-12-26T10:51:57 IST" duration-ms="686416">
      <class name="com.Restaurant.Testcases.VerifySalesTest">
        <test-method is-config="true" signature="firstcall(java.lang.String)[pri:0, instance:com.Restaurant.Testcases.VerifySalesTest@5b218417]" started-at="2022-12-26T10:49:38 IST" name="firstcall" finished-at="2022-12-26T10:49:43 IST" duration-ms="4535" status="PASS">
          <params>
            <param index="0">
              <value>
                <![CDATA[Edge]]>
              </value>
            </param>
          </params>
          <reporter-output>
          </reporter-output>
        </test-method> <!-- firstcall -->
        <test-method signature="VerifySalesPage()[pri:0, instance:com.Restaurant.Testcases.VerifySalesTest@5b218417]" started-at="2022-12-26T10:49:43 IST" name="VerifySalesPage" finished-at="2022-12-26T10:49:48 IST" duration-ms="4799" status="PASS">
          <reporter-output>
          </reporter-output>
        </test-method> <!-- VerifySalesPage -->
        <test-method is-config="true" signature="AfterMethods()[pri:0, instance:com.Restaurant.Testcases.VerifySalesTest@5b218417]" started-at="2022-12-26T10:49:48 IST" name="AfterMethods" finished-at="2022-12-26T10:49:48 IST" duration-ms="121" status="PASS">
          <reporter-output>
          </reporter-output>
        </test-method> <!-- AfterMethods -->
      </class> <!-- com.Restaurant.Testcases.VerifySalesTest -->
      <class name="com.Restaurant.Testcases.VerifyPeopleSupplierTest">
        <test-method is-config="true" signature="firstcall(java.lang.String)[pri:0, instance:com.Restaurant.Testcases.VerifyPeopleSupplierTest@48075da3]" started-at="2022-12-26T10:44:09 IST" name="firstcall" finished-at="2022-12-26T10:44:13 IST" duration-ms="4850" status="PASS">
          <params>
            <param index="0">
              <value>
                <![CDATA[Edge]]>
              </value>
            </param>
          </params>
          <reporter-output>
          </reporter-output>
        </test-method> <!-- firstcall -->
        <test-method signature="VerifyAddSupplier()[pri:1, instance:com.Restaurant.Testcases.VerifyPeopleSupplierTest@48075da3]" started-at="2022-12-26T10:44:13 IST" name="VerifyAddSupplier" finished-at="2022-12-26T10:44:23 IST" duration-ms="9713" status="PASS">
          <reporter-output>
          </reporter-output>
        </test-method> <!-- VerifyAddSupplier -->
        <test-method is-config="true" signature="AfterMethods()[pri:0, instance:com.Restaurant.Testcases.VerifyPeopleSupplierTest@48075da3]" started-at="2022-12-26T10:44:23 IST" name="AfterMethods" finished-at="2022-12-26T10:44:24 IST" duration-ms="505" status="PASS">
          <reporter-output>
          </reporter-output>
        </test-method> <!-- AfterMethods -->
        <test-method is-config="true" signature="firstcall(java.lang.String)[pri:0, instance:com.Restaurant.Testcases.VerifyPeopleSupplierTest@48075da3]" started-at="2022-12-26T10:44:24 IST" name="firstcall" finished-at="2022-12-26T10:44:29 IST" duration-ms="4974" status="PASS">
          <params>
            <param index="0">
              <value>
                <![CDATA[Edge]]>
              </value>
            </param>
          </params>
          <reporter-output>
          </reporter-output>
        </test-method> <!-- firstcall -->
        <test-method signature="VerifyEditSupplier()[pri:2, instance:com.Restaurant.Testcases.VerifyPeopleSupplierTest@48075da3]" started-at="2022-12-26T10:44:29 IST" name="VerifyEditSupplier" finished-at="2022-12-26T10:44:39 IST" duration-ms="10562" status="PASS">
          <reporter-output>
          </reporter-output>
        </test-method> <!-- VerifyEditSupplier -->
        <test-method is-config="true" signature="AfterMethods()[pri:0, instance:com.Restaurant.Testcases.VerifyPeopleSupplierTest@48075da3]" started-at="2022-12-26T10:44:39 IST" name="AfterMethods" finished-at="2022-12-26T10:44:39 IST" duration-ms="140" status="PASS">
          <reporter-output>
          </reporter-output>
        </test-method> <!-- AfterMethods -->
        <test-method is-config="true" signature="firstcall(java.lang.String)[pri:0, instance:com.Restaurant.Testcases.VerifyPeopleSupplierTest@48075da3]" started-at="2022-12-26T10:44:39 IST" name="firstcall" finished-at="2022-12-26T10:44:44 IST" duration-ms="4699" status="PASS">
          <params>
            <param index="0">
              <value>
                <![CDATA[Edge]]>
              </value>
            </param>
          </params>
          <reporter-output>
          </reporter-output>
        </test-method> <!-- firstcall -->
        <test-method signature="SupplierDelete()[pri:3, instance:com.Restaurant.Testcases.VerifyPeopleSupplierTest@48075da3]" started-at="2022-12-26T10:44:44 IST" name="SupplierDelete" finished-at="2022-12-26T10:45:32 IST" duration-ms="47754" status="PASS">
          <reporter-output>
          </reporter-output>
        </test-method> <!-- SupplierDelete -->
        <test-method is-config="true" signature="AfterMethods()[pri:0, instance:com.Restaurant.Testcases.VerifyPeopleSupplierTest@48075da3]" started-at="2022-12-26T10:45:32 IST" name="AfterMethods" finished-at="2022-12-26T10:45:32 IST" duration-ms="148" status="PASS">
          <reporter-output>
          </reporter-output>
        </test-method> <!-- AfterMethods -->
      </class> <!-- com.Restaurant.Testcases.VerifyPeopleSupplierTest -->
      <class name="com.Restaurant.Testcases.VerifyUserLoginTest">
        <test-method is-config="true" signature="firstcall(java.lang.String)[pri:0, instance:com.Restaurant.Testcases.VerifyUserLoginTest@413d1baf]" started-at="2022-12-26T10:51:18 IST" name="firstcall" finished-at="2022-12-26T10:51:23 IST" duration-ms="4748" status="PASS">
          <params>
            <param index="0">
              <value>
                <![CDATA[Edge]]>
              </value>
            </param>
          </params>
          <reporter-output>
          </reporter-output>
        </test-method> <!-- firstcall -->
        <test-method signature="VerifyLogout()[pri:0, instance:com.Restaurant.Testcases.VerifyUserLoginTest@413d1baf]" started-at="2022-12-26T10:51:23 IST" name="VerifyLogout" finished-at="2022-12-26T10:51:27 IST" duration-ms="4006" status="PASS">
          <reporter-output>
          </reporter-output>
        </test-method> <!-- VerifyLogout -->
        <test-method is-config="true" signature="AfterMethods()[pri:0, instance:com.Restaurant.Testcases.VerifyUserLoginTest@413d1baf]" started-at="2022-12-26T10:51:27 IST" name="AfterMethods" finished-at="2022-12-26T10:51:27 IST" duration-ms="121" status="PASS">
          <reporter-output>
          </reporter-output>
        </test-method> <!-- AfterMethods -->
        <test-method is-config="true" signature="firstcall(java.lang.String)[pri:0, instance:com.Restaurant.Testcases.VerifyUserLoginTest@413d1baf]" started-at="2022-12-26T10:51:27 IST" name="firstcall" finished-at="2022-12-26T10:51:32 IST" duration-ms="4559" status="PASS">
          <params>
            <param index="0">
              <value>
                <![CDATA[Edge]]>
              </value>
            </param>
          </params>
          <reporter-output>
          </reporter-output>
        </test-method> <!-- firstcall -->
        <test-method signature="VerifyUserLogin()[pri:1, instance:com.Restaurant.Testcases.VerifyUserLoginTest@413d1baf]" started-at="2022-12-26T10:51:32 IST" name="VerifyUserLogin" finished-at="2022-12-26T10:51:34 IST" duration-ms="2837" status="PASS">
          <reporter-output>
          </reporter-output>
        </test-method> <!-- VerifyUserLogin -->
        <test-method is-config="true" signature="AfterMethods()[pri:0, instance:com.Restaurant.Testcases.VerifyUserLoginTest@413d1baf]" started-at="2022-12-26T10:51:34 IST" name="AfterMethods" finished-at="2022-12-26T10:51:34 IST" duration-ms="99" status="PASS">
          <reporter-output>
          </reporter-output>
        </test-method> <!-- AfterMethods -->
        <test-method is-config="true" signature="firstcall(java.lang.String)[pri:0, instance:com.Restaurant.Testcases.VerifyUserLoginTest@413d1baf]" started-at="2022-12-26T10:51:35 IST" name="firstcall" finished-at="2022-12-26T10:51:39 IST" duration-ms="4566" status="PASS">
          <params>
            <param index="0">
              <value>
                <![CDATA[Edge]]>
              </value>
            </param>
          </params>
          <reporter-output>
          </reporter-output>
        </test-method> <!-- firstcall -->
        <test-method signature="VerifyInvalidUserLogin(java.lang.String,java.lang.String)[pri:2, instance:com.Restaurant.Testcases.VerifyUserLoginTest@413d1baf]" started-at="2022-12-26T10:51:39 IST" name="VerifyInvalidUserLogin" data-provider="InvalidLoginDatas" finished-at="2022-12-26T10:51:40 IST" duration-ms="706" status="PASS">
          <params>
            <param index="0">
              <value>
                <![CDATA[uname]]>
              </value>
            </param>
            <param index="1">
              <value>
                <![CDATA[password]]>
              </value>
            </param>
          </params>
          <reporter-output>
          </reporter-output>
        </test-method> <!-- VerifyInvalidUserLogin -->
        <test-method is-config="true" signature="AfterMethods()[pri:0, instance:com.Restaurant.Testcases.VerifyUserLoginTest@413d1baf]" started-at="2022-12-26T10:51:40 IST" name="AfterMethods" finished-at="2022-12-26T10:51:40 IST" duration-ms="126" status="PASS">
          <reporter-output>
          </reporter-output>
        </test-method> <!-- AfterMethods -->
        <test-method is-config="true" signature="firstcall(java.lang.String)[pri:0, instance:com.Restaurant.Testcases.VerifyUserLoginTest@413d1baf]" started-at="2022-12-26T10:51:40 IST" name="firstcall" finished-at="2022-12-26T10:51:44 IST" duration-ms="4453" status="PASS">
          <params>
            <param index="0">
              <value>
                <![CDATA[Edge]]>
              </value>
            </param>
          </params>
          <reporter-output>
          </reporter-output>
        </test-method> <!-- firstcall -->
        <test-method signature="VerifyInvalidUserLogin(java.lang.String,java.lang.String)[pri:2, instance:com.Restaurant.Testcases.VerifyUserLoginTest@413d1baf]" started-at="2022-12-26T10:51:44 IST" name="VerifyInvalidUserLogin" data-provider="InvalidLoginDatas" finished-at="2022-12-26T10:51:45 IST" duration-ms="689" status="PASS">
          <params>
            <param index="0">
              <value>
                <![CDATA[admin]]>
              </value>
            </param>
            <param index="1">
              <value>
                <![CDATA[pwrod]]>
              </value>
            </param>
          </params>
          <reporter-output>
          </reporter-output>
        </test-method> <!-- VerifyInvalidUserLogin -->
        <test-method is-config="true" signature="AfterMethods()[pri:0, instance:com.Restaurant.Testcases.VerifyUserLoginTest@413d1baf]" started-at="2022-12-26T10:51:45 IST" name="AfterMethods" finished-at="2022-12-26T10:51:51 IST" duration-ms="5644" status="PASS">
          <reporter-output>
          </reporter-output>
        </test-method> <!-- AfterMethods -->
        <test-method is-config="true" signature="firstcall(java.lang.String)[pri:0, instance:com.Restaurant.Testcases.VerifyUserLoginTest@413d1baf]" started-at="2022-12-26T10:51:51 IST" name="firstcall" finished-at="2022-12-26T10:51:56 IST" duration-ms="5003" status="PASS">
          <params>
            <param index="0">
              <value>
                <![CDATA[Edge]]>
              </value>
            </param>
          </params>
          <reporter-output>
          </reporter-output>
        </test-method> <!-- firstcall -->
        <test-method signature="VerifyInvalidUserLogin(java.lang.String,java.lang.String)[pri:2, instance:com.Restaurant.Testcases.VerifyUserLoginTest@413d1baf]" started-at="2022-12-26T10:51:56 IST" name="VerifyInvalidUserLogin" data-provider="InvalidLoginDatas" finished-at="2022-12-26T10:51:56 IST" duration-ms="741" status="PASS">
          <params>
            <param index="0">
              <value>
                <![CDATA[login]]>
              </value>
            </param>
            <param index="1">
              <value>
                <![CDATA[pasword]]>
              </value>
            </param>
          </params>
          <reporter-output>
          </reporter-output>
        </test-method> <!-- VerifyInvalidUserLogin -->
        <test-method is-config="true" signature="AfterMethods()[pri:0, instance:com.Restaurant.Testcases.VerifyUserLoginTest@413d1baf]" started-at="2022-12-26T10:51:56 IST" name="AfterMethods" finished-at="2022-12-26T10:51:57 IST" duration-ms="122" status="PASS">
          <reporter-output>
          </reporter-output>
        </test-method> <!-- AfterMethods -->
      </class> <!-- com.Restaurant.Testcases.VerifyUserLoginTest -->
      <class name="com.Restaurant.Testcases.VerifyReportsTest">
        <test-method is-config="true" signature="firstcall(java.lang.String)[pri:0, instance:com.Restaurant.Testcases.VerifyReportsTest@cc43f62]" started-at="2022-12-26T10:48:45 IST" name="firstcall" finished-at="2022-12-26T10:48:49 IST" duration-ms="4760" status="PASS">
          <params>
            <param index="0">
              <value>
                <![CDATA[Edge]]>
              </value>
            </param>
          </params>
          <reporter-output>
          </reporter-output>
        </test-method> <!-- firstcall -->
        <test-method signature="VerifyReportPageClientStat()[pri:0, instance:com.Restaurant.Testcases.VerifyReportsTest@cc43f62]" started-at="2022-12-26T10:48:49 IST" name="VerifyReportPageClientStat" finished-at="2022-12-26T10:48:55 IST" duration-ms="6192" status="PASS">
          <reporter-output>
          </reporter-output>
        </test-method> <!-- VerifyReportPageClientStat -->
        <test-method is-config="true" signature="AfterMethods()[pri:0, instance:com.Restaurant.Testcases.VerifyReportsTest@cc43f62]" started-at="2022-12-26T10:48:55 IST" name="AfterMethods" finished-at="2022-12-26T10:48:56 IST" duration-ms="233" status="PASS">
          <reporter-output>
          </reporter-output>
        </test-method> <!-- AfterMethods -->
        <test-method is-config="true" signature="firstcall(java.lang.String)[pri:0, instance:com.Restaurant.Testcases.VerifyReportsTest@cc43f62]" started-at="2022-12-26T10:48:56 IST" name="firstcall" finished-at="2022-12-26T10:49:00 IST" duration-ms="4712" status="PASS">
          <params>
            <param index="0">
              <value>
                <![CDATA[Edge]]>
              </value>
            </param>
          </params>
          <reporter-output>
          </reporter-output>
        </test-method> <!-- firstcall -->
        <test-method signature="VerifyReportProductStat()[pri:0, instance:com.Restaurant.Testcases.VerifyReportsTest@cc43f62]" started-at="2022-12-26T10:49:00 IST" name="VerifyReportProductStat" finished-at="2022-12-26T10:49:07 IST" duration-ms="6252" status="PASS">
          <reporter-output>
          </reporter-output>
        </test-method> <!-- VerifyReportProductStat -->
        <test-method is-config="true" signature="AfterMethods()[pri:0, instance:com.Restaurant.Testcases.VerifyReportsTest@cc43f62]" started-at="2022-12-26T10:49:07 IST" name="AfterMethods" finished-at="2022-12-26T10:49:07 IST" duration-ms="313" status="PASS">
          <reporter-output>
          </reporter-output>
        </test-method> <!-- AfterMethods -->
        <test-method is-config="true" signature="firstcall(java.lang.String)[pri:0, instance:com.Restaurant.Testcases.VerifyReportsTest@cc43f62]" started-at="2022-12-26T10:49:07 IST" name="firstcall" finished-at="2022-12-26T10:49:12 IST" duration-ms="4935" status="PASS">
          <params>
            <param index="0">
              <value>
                <![CDATA[Edge]]>
              </value>
            </param>
          </params>
          <reporter-output>
          </reporter-output>
        </test-method> <!-- firstcall -->
        <test-method signature="VerifyReportStoreStat()[pri:0, instance:com.Restaurant.Testcases.VerifyReportsTest@cc43f62]" started-at="2022-12-26T10:49:12 IST" name="VerifyReportStoreStat" finished-at="2022-12-26T10:49:38 IST" duration-ms="26214" status="PASS">
          <reporter-output>
          </reporter-output>
        </test-method> <!-- VerifyReportStoreStat -->
        <test-method is-config="true" signature="AfterMethods()[pri:0, instance:com.Restaurant.Testcases.VerifyReportsTest@cc43f62]" started-at="2022-12-26T10:49:38 IST" name="AfterMethods" finished-at="2022-12-26T10:49:38 IST" duration-ms="312" status="PASS">
          <reporter-output>
          </reporter-output>
        </test-method> <!-- AfterMethods -->
      </class> <!-- com.Restaurant.Testcases.VerifyReportsTest -->
      <class name="com.Restaurant.Testcases.VerifyPeopleWaiterTest">
        <test-method is-config="true" signature="firstcall(java.lang.String)[pri:0, instance:com.Restaurant.Testcases.VerifyPeopleWaiterTest@68c9133c]" started-at="2022-12-26T10:45:32 IST" name="firstcall" finished-at="2022-12-26T10:45:37 IST" duration-ms="4592" status="PASS">
          <params>
            <param index="0">
              <value>
                <![CDATA[Edge]]>
              </value>
            </param>
          </params>
          <reporter-output>
          </reporter-output>
        </test-method> <!-- firstcall -->
        <test-method signature="VerifyWaiterAdd()[pri:1, instance:com.Restaurant.Testcases.VerifyPeopleWaiterTest@68c9133c]" started-at="2022-12-26T10:45:37 IST" name="VerifyWaiterAdd" finished-at="2022-12-26T10:45:47 IST" duration-ms="10527" status="PASS">
          <reporter-output>
          </reporter-output>
        </test-method> <!-- VerifyWaiterAdd -->
        <test-method is-config="true" signature="AfterMethods()[pri:0, instance:com.Restaurant.Testcases.VerifyPeopleWaiterTest@68c9133c]" started-at="2022-12-26T10:45:47 IST" name="AfterMethods" finished-at="2022-12-26T10:45:48 IST" duration-ms="525" status="PASS">
          <reporter-output>
          </reporter-output>
        </test-method> <!-- AfterMethods -->
        <test-method is-config="true" signature="firstcall(java.lang.String)[pri:0, instance:com.Restaurant.Testcases.VerifyPeopleWaiterTest@68c9133c]" started-at="2022-12-26T10:45:48 IST" name="firstcall" finished-at="2022-12-26T10:45:52 IST" duration-ms="4711" status="PASS">
          <params>
            <param index="0">
              <value>
                <![CDATA[Edge]]>
              </value>
            </param>
          </params>
          <reporter-output>
          </reporter-output>
        </test-method> <!-- firstcall -->
        <test-method signature="verifyeditwaiter()[pri:2, instance:com.Restaurant.Testcases.VerifyPeopleWaiterTest@68c9133c]" started-at="2022-12-26T10:45:52 IST" name="verifyeditwaiter" finished-at="2022-12-26T10:46:03 IST" duration-ms="10679" status="PASS">
          <reporter-output>
          </reporter-output>
        </test-method> <!-- verifyeditwaiter -->
        <test-method is-config="true" signature="AfterMethods()[pri:0, instance:com.Restaurant.Testcases.VerifyPeopleWaiterTest@68c9133c]" started-at="2022-12-26T10:46:03 IST" name="AfterMethods" finished-at="2022-12-26T10:46:03 IST" duration-ms="129" status="PASS">
          <reporter-output>
          </reporter-output>
        </test-method> <!-- AfterMethods -->
        <test-method is-config="true" signature="firstcall(java.lang.String)[pri:0, instance:com.Restaurant.Testcases.VerifyPeopleWaiterTest@68c9133c]" started-at="2022-12-26T10:46:03 IST" name="firstcall" finished-at="2022-12-26T10:46:08 IST" duration-ms="4941" status="PASS">
          <params>
            <param index="0">
              <value>
                <![CDATA[Edge]]>
              </value>
            </param>
          </params>
          <reporter-output>
          </reporter-output>
        </test-method> <!-- firstcall -->
        <test-method signature="WaiterDelete()[pri:3, instance:com.Restaurant.Testcases.VerifyPeopleWaiterTest@68c9133c]" started-at="2022-12-26T10:46:08 IST" name="WaiterDelete" finished-at="2022-12-26T10:46:56 IST" duration-ms="48115" status="PASS">
          <reporter-output>
          </reporter-output>
        </test-method> <!-- WaiterDelete -->
        <test-method is-config="true" signature="AfterMethods()[pri:0, instance:com.Restaurant.Testcases.VerifyPeopleWaiterTest@68c9133c]" started-at="2022-12-26T10:46:56 IST" name="AfterMethods" finished-at="2022-12-26T10:46:56 IST" duration-ms="153" status="PASS">
          <reporter-output>
          </reporter-output>
        </test-method> <!-- AfterMethods -->
      </class> <!-- com.Restaurant.Testcases.VerifyPeopleWaiterTest -->
      <class name="com.Restaurant.Testcases.VerifyProductTest">
        <test-method is-config="true" signature="firstcall(java.lang.String)[pri:0, instance:com.Restaurant.Testcases.VerifyProductTest@2cb4893b]" started-at="2022-12-26T10:46:56 IST" name="firstcall" finished-at="2022-12-26T10:47:01 IST" duration-ms="4737" status="PASS">
          <params>
            <param index="0">
              <value>
                <![CDATA[Edge]]>
              </value>
            </param>
          </params>
          <reporter-output>
          </reporter-output>
        </test-method> <!-- firstcall -->
        <test-method signature="VerifyAddProduct()[pri:1, instance:com.Restaurant.Testcases.VerifyProductTest@2cb4893b]" started-at="2022-12-26T10:47:01 IST" name="VerifyAddProduct" finished-at="2022-12-26T10:47:13 IST" duration-ms="12116" status="PASS">
          <reporter-output>
          </reporter-output>
        </test-method> <!-- VerifyAddProduct -->
        <test-method is-config="true" signature="AfterMethods()[pri:0, instance:com.Restaurant.Testcases.VerifyProductTest@2cb4893b]" started-at="2022-12-26T10:47:13 IST" name="AfterMethods" finished-at="2022-12-26T10:47:13 IST" duration-ms="348" status="PASS">
          <reporter-output>
          </reporter-output>
        </test-method> <!-- AfterMethods -->
        <test-method is-config="true" signature="firstcall(java.lang.String)[pri:0, instance:com.Restaurant.Testcases.VerifyProductTest@2cb4893b]" started-at="2022-12-26T10:47:13 IST" name="firstcall" finished-at="2022-12-26T10:47:18 IST" duration-ms="4877" status="PASS">
          <params>
            <param index="0">
              <value>
                <![CDATA[Edge]]>
              </value>
            </param>
          </params>
          <reporter-output>
          </reporter-output>
        </test-method> <!-- firstcall -->
        <test-method signature="VerifyEditProduct()[pri:2, instance:com.Restaurant.Testcases.VerifyProductTest@2cb4893b]" started-at="2022-12-26T10:47:18 IST" name="VerifyEditProduct" finished-at="2022-12-26T10:47:28 IST" duration-ms="10117" status="PASS">
          <reporter-output>
          </reporter-output>
        </test-method> <!-- VerifyEditProduct -->
        <test-method is-config="true" signature="AfterMethods()[pri:0, instance:com.Restaurant.Testcases.VerifyProductTest@2cb4893b]" started-at="2022-12-26T10:47:28 IST" name="AfterMethods" finished-at="2022-12-26T10:47:29 IST" duration-ms="149" status="PASS">
          <reporter-output>
          </reporter-output>
        </test-method> <!-- AfterMethods -->
        <test-method is-config="true" signature="firstcall(java.lang.String)[pri:0, instance:com.Restaurant.Testcases.VerifyProductTest@2cb4893b]" started-at="2022-12-26T10:47:29 IST" name="firstcall" finished-at="2022-12-26T10:47:33 IST" duration-ms="4766" status="PASS">
          <params>
            <param index="0">
              <value>
                <![CDATA[Edge]]>
              </value>
            </param>
          </params>
          <reporter-output>
          </reporter-output>
        </test-method> <!-- firstcall -->
        <test-method signature="VerifyDeleteProduct()[pri:3, instance:com.Restaurant.Testcases.VerifyProductTest@2cb4893b]" started-at="2022-12-26T10:47:33 IST" name="VerifyDeleteProduct" finished-at="2022-12-26T10:48:20 IST" duration-ms="46699" status="PASS">
          <reporter-output>
          </reporter-output>
        </test-method> <!-- VerifyDeleteProduct -->
        <test-method is-config="true" signature="AfterMethods()[pri:0, instance:com.Restaurant.Testcases.VerifyProductTest@2cb4893b]" started-at="2022-12-26T10:48:20 IST" name="AfterMethods" finished-at="2022-12-26T10:48:20 IST" duration-ms="116" status="PASS">
          <reporter-output>
          </reporter-output>
        </test-method> <!-- AfterMethods -->
        <test-method is-config="true" signature="firstcall(java.lang.String)[pri:0, instance:com.Restaurant.Testcases.VerifyProductTest@2cb4893b]" started-at="2022-12-26T10:48:20 IST" name="firstcall" finished-at="2022-12-26T10:48:25 IST" duration-ms="4483" status="PASS">
          <params>
            <param index="0">
              <value>
                <![CDATA[Edge]]>
              </value>
            </param>
          </params>
          <reporter-output>
          </reporter-output>
        </test-method> <!-- firstcall -->
        <test-method signature="VerifyProduct()[pri:4, instance:com.Restaurant.Testcases.VerifyProductTest@2cb4893b]" started-at="2022-12-26T10:48:25 IST" name="VerifyProduct" finished-at="2022-12-26T10:48:32 IST" depends-on-methods="com.Restaurant.Testcases.VerifyProductTest.VerifyDeleteProduct" duration-ms="7480" status="PASS">
          <reporter-output>
          </reporter-output>
        </test-method> <!-- VerifyProduct -->
        <test-method is-config="true" signature="AfterMethods()[pri:0, instance:com.Restaurant.Testcases.VerifyProductTest@2cb4893b]" started-at="2022-12-26T10:48:32 IST" name="AfterMethods" finished-at="2022-12-26T10:48:32 IST" duration-ms="136" status="PASS">
          <reporter-output>
          </reporter-output>
        </test-method> <!-- AfterMethods -->
        <test-method is-config="true" signature="firstcall(java.lang.String)[pri:0, instance:com.Restaurant.Testcases.VerifyProductTest@2cb4893b]" started-at="2022-12-26T10:48:32 IST" name="firstcall" finished-at="2022-12-26T10:48:37 IST" duration-ms="4661" status="PASS">
          <params>
            <param index="0">
              <value>
                <![CDATA[Edge]]>
              </value>
            </param>
          </params>
          <reporter-output>
          </reporter-output>
        </test-method> <!-- firstcall -->
        <test-method signature="VerifyBarcode()[pri:5, instance:com.Restaurant.Testcases.VerifyProductTest@2cb4893b]" started-at="2022-12-26T10:48:37 IST" name="VerifyBarcode" finished-at="2022-12-26T10:48:44 IST" duration-ms="7388" status="PASS">
          <reporter-output>
          </reporter-output>
        </test-method> <!-- VerifyBarcode -->
        <test-method is-config="true" signature="AfterMethods()[pri:0, instance:com.Restaurant.Testcases.VerifyProductTest@2cb4893b]" started-at="2022-12-26T10:48:44 IST" name="AfterMethods" finished-at="2022-12-26T10:48:45 IST" duration-ms="136" status="PASS">
          <reporter-output>
          </reporter-output>
        </test-method> <!-- AfterMethods -->
      </class> <!-- com.Restaurant.Testcases.VerifyProductTest -->
      <class name="com.Restaurant.Testcases.VerifyStoresTest">
        <test-method is-config="true" signature="firstcall(java.lang.String)[pri:0, instance:com.Restaurant.Testcases.VerifyStoresTest@6caf0677]" started-at="2022-12-26T10:50:14 IST" name="firstcall" finished-at="2022-12-26T10:50:19 IST" duration-ms="4895" status="PASS">
          <params>
            <param index="0">
              <value>
                <![CDATA[Edge]]>
              </value>
            </param>
          </params>
          <reporter-output>
          </reporter-output>
        </test-method> <!-- firstcall -->
        <test-method signature="VerifyAddStore()[pri:1, instance:com.Restaurant.Testcases.VerifyStoresTest@6caf0677]" started-at="2022-12-26T10:50:19 IST" name="VerifyAddStore" finished-at="2022-12-26T10:50:30 IST" duration-ms="11099" status="PASS">
          <reporter-output>
          </reporter-output>
        </test-method> <!-- VerifyAddStore -->
        <test-method is-config="true" signature="AfterMethods()[pri:0, instance:com.Restaurant.Testcases.VerifyStoresTest@6caf0677]" started-at="2022-12-26T10:50:30 IST" name="AfterMethods" finished-at="2022-12-26T10:50:30 IST" duration-ms="549" status="PASS">
          <reporter-output>
          </reporter-output>
        </test-method> <!-- AfterMethods -->
        <test-method is-config="true" signature="firstcall(java.lang.String)[pri:0, instance:com.Restaurant.Testcases.VerifyStoresTest@6caf0677]" started-at="2022-12-26T10:50:30 IST" name="firstcall" finished-at="2022-12-26T10:50:35 IST" duration-ms="4493" status="PASS">
          <params>
            <param index="0">
              <value>
                <![CDATA[Edge]]>
              </value>
            </param>
          </params>
          <reporter-output>
          </reporter-output>
        </test-method> <!-- firstcall -->
        <test-method signature="verifyeditstore()[pri:2, instance:com.Restaurant.Testcases.VerifyStoresTest@6caf0677]" started-at="2022-12-26T10:50:35 IST" name="verifyeditstore" finished-at="2022-12-26T10:50:45 IST" duration-ms="10413" status="PASS">
          <reporter-output>
          </reporter-output>
        </test-method> <!-- verifyeditstore -->
        <test-method is-config="true" signature="AfterMethods()[pri:0, instance:com.Restaurant.Testcases.VerifyStoresTest@6caf0677]" started-at="2022-12-26T10:50:45 IST" name="AfterMethods" finished-at="2022-12-26T10:50:46 IST" duration-ms="126" status="PASS">
          <reporter-output>
          </reporter-output>
        </test-method> <!-- AfterMethods -->
        <test-method is-config="true" signature="firstcall(java.lang.String)[pri:0, instance:com.Restaurant.Testcases.VerifyStoresTest@6caf0677]" started-at="2022-12-26T10:50:46 IST" name="firstcall" finished-at="2022-12-26T10:50:50 IST" duration-ms="4791" status="PASS">
          <params>
            <param index="0">
              <value>
                <![CDATA[Edge]]>
              </value>
            </param>
          </params>
          <reporter-output>
          </reporter-output>
        </test-method> <!-- firstcall -->
        <test-method signature="verifyStoreDelete()[pri:3, instance:com.Restaurant.Testcases.VerifyStoresTest@6caf0677]" started-at="2022-12-26T10:50:50 IST" name="verifyStoreDelete" finished-at="2022-12-26T10:51:18 IST" duration-ms="27662" status="PASS">
          <reporter-output>
          </reporter-output>
        </test-method> <!-- verifyStoreDelete -->
        <test-method is-config="true" signature="AfterMethods()[pri:0, instance:com.Restaurant.Testcases.VerifyStoresTest@6caf0677]" started-at="2022-12-26T10:51:18 IST" name="AfterMethods" finished-at="2022-12-26T10:51:18 IST" duration-ms="148" status="PASS">
          <reporter-output>
          </reporter-output>
        </test-method> <!-- AfterMethods -->
      </class> <!-- com.Restaurant.Testcases.VerifyStoresTest -->
      <class name="com.Restaurant.Testcases.VerifySettingTest">
        <test-method is-config="true" signature="firstcall(java.lang.String)[pri:0, instance:com.Restaurant.Testcases.VerifySettingTest@645aa696]" started-at="2022-12-26T10:49:48 IST" name="firstcall" finished-at="2022-12-26T10:49:53 IST" duration-ms="4795" status="PASS">
          <params>
            <param index="0">
              <value>
                <![CDATA[Edge]]>
              </value>
            </param>
          </params>
          <reporter-output>
          </reporter-output>
        </test-method> <!-- firstcall -->
        <test-method signature="VerifyAddUser()[pri:0, instance:com.Restaurant.Testcases.VerifySettingTest@645aa696]" started-at="2022-12-26T10:49:53 IST" name="VerifyAddUser" finished-at="2022-12-26T10:50:01 IST" duration-ms="8317" status="PASS">
          <reporter-output>
          </reporter-output>
        </test-method> <!-- VerifyAddUser -->
        <test-method is-config="true" signature="AfterMethods()[pri:0, instance:com.Restaurant.Testcases.VerifySettingTest@645aa696]" started-at="2022-12-26T10:50:01 IST" name="AfterMethods" finished-at="2022-12-26T10:50:01 IST" duration-ms="152" status="PASS">
          <reporter-output>
          </reporter-output>
        </test-method> <!-- AfterMethods -->
        <test-method is-config="true" signature="firstcall(java.lang.String)[pri:0, instance:com.Restaurant.Testcases.VerifySettingTest@645aa696]" started-at="2022-12-26T10:50:01 IST" name="firstcall" finished-at="2022-12-26T10:50:06 IST" duration-ms="4645" status="PASS">
          <params>
            <param index="0">
              <value>
                <![CDATA[Edge]]>
              </value>
            </param>
          </params>
          <reporter-output>
          </reporter-output>
        </test-method> <!-- firstcall -->
        <test-method signature="VerifyAddWarehouse()[pri:0, instance:com.Restaurant.Testcases.VerifySettingTest@645aa696]" started-at="2022-12-26T10:50:06 IST" name="VerifyAddWarehouse" finished-at="2022-12-26T10:50:14 IST" duration-ms="7988" status="PASS">
          <reporter-output>
          </reporter-output>
        </test-method> <!-- VerifyAddWarehouse -->
        <test-method is-config="true" signature="AfterMethods()[pri:0, instance:com.Restaurant.Testcases.VerifySettingTest@645aa696]" started-at="2022-12-26T10:50:14 IST" name="AfterMethods" finished-at="2022-12-26T10:50:14 IST" duration-ms="123" status="PASS">
          <reporter-output>
          </reporter-output>
        </test-method> <!-- AfterMethods -->
      </class> <!-- com.Restaurant.Testcases.VerifySettingTest -->
      <class name="com.Restaurant.Testcases.VerifyExpenseTest">
        <test-method is-config="true" signature="beforeSuite()[pri:0, instance:com.Restaurant.Testcases.VerifyExpenseTest@8519cb4]" started-at="2022-12-26T10:40:30 IST" name="beforeSuite" finished-at="2022-12-26T10:40:30 IST" duration-ms="525" status="PASS">
          <reporter-output>
          </reporter-output>
        </test-method> <!-- beforeSuite -->
        <test-method is-config="true" signature="loadConfig()[pri:0, instance:com.Restaurant.Testcases.VerifyExpenseTest@8519cb4]" started-at="2022-12-26T10:40:30 IST" name="loadConfig" finished-at="2022-12-26T10:40:30 IST" duration-ms="0" status="PASS">
          <reporter-output>
          </reporter-output>
        </test-method> <!-- loadConfig -->
        <test-method is-config="true" signature="firstcall(java.lang.String)[pri:0, instance:com.Restaurant.Testcases.VerifyExpenseTest@8519cb4]" started-at="2022-12-26T10:40:30 IST" name="firstcall" finished-at="2022-12-26T10:40:39 IST" duration-ms="8716" status="PASS">
          <params>
            <param index="0">
              <value>
                <![CDATA[Edge]]>
              </value>
            </param>
          </params>
          <reporter-output>
          </reporter-output>
        </test-method> <!-- firstcall -->
        <test-method signature="VerifyAddExpense()[pri:1, instance:com.Restaurant.Testcases.VerifyExpenseTest@8519cb4]" started-at="2022-12-26T10:40:39 IST" name="VerifyAddExpense" finished-at="2022-12-26T10:40:48 IST" duration-ms="9230" status="PASS">
          <reporter-output>
          </reporter-output>
        </test-method> <!-- VerifyAddExpense -->
        <test-method is-config="true" signature="AfterMethods()[pri:0, instance:com.Restaurant.Testcases.VerifyExpenseTest@8519cb4]" started-at="2022-12-26T10:40:48 IST" name="AfterMethods" finished-at="2022-12-26T10:40:48 IST" duration-ms="165" status="PASS">
          <reporter-output>
          </reporter-output>
        </test-method> <!-- AfterMethods -->
        <test-method is-config="true" signature="firstcall(java.lang.String)[pri:0, instance:com.Restaurant.Testcases.VerifyExpenseTest@8519cb4]" started-at="2022-12-26T10:40:48 IST" name="firstcall" finished-at="2022-12-26T10:40:54 IST" duration-ms="5833" status="PASS">
          <params>
            <param index="0">
              <value>
                <![CDATA[Edge]]>
              </value>
            </param>
          </params>
          <reporter-output>
          </reporter-output>
        </test-method> <!-- firstcall -->
        <test-method signature="VerifyDeleteExpense()[pri:2, instance:com.Restaurant.Testcases.VerifyExpenseTest@8519cb4]" started-at="2022-12-26T10:40:54 IST" name="VerifyDeleteExpense" finished-at="2022-12-26T10:41:39 IST" duration-ms="45235" status="FAIL">
          <exception class="org.openqa.selenium.NoSuchElementException">
            <message>
              <![CDATA[no such element: Unable to locate element: {"method":"xpath","selector":"//td[@class='dataTables_empty']"}
  (Session info: MicrosoftEdge=108.0.1462.54)
For documentation on this error, please visit: https://selenium.dev/exceptions/#no_such_element
Build info: version: '4.6.0', revision: '79f1c02ae20'
System info: os.name: 'Windows 11', os.arch: 'amd64', os.version: '10.0', java.version: '17.0.4.1'
Driver info: org.openqa.selenium.edge.EdgeDriver
Command: [12261aafbfa0d7083e21d360eb1de0af, findElement {using=xpath, value=//td[@class='dataTables_empty']}]
Capabilities {acceptInsecureCerts: false, browserName: msedge, browserVersion: 108.0.1462.54, ms:edgeOptions: {debuggerAddress: localhost:60150}, msedge: {msedgedriverVersion: 108.0.1462.54 (c2998c8c6617..., userDataDir: C:\Users\rinys\AppData\Loca...}, networkConnectionEnabled: false, pageLoadStrategy: normal, platformName: WINDOWS, proxy: Proxy(), se:cdp: ws://localhost:60150/devtoo..., se:cdpVersion: 108.0.1462.54, setWindowRect: true, strictFileInteractability: false, timeouts: {implicit: 0, pageLoad: 300000, script: 30000}, unhandledPromptBehavior: dismiss and notify, webauthn:extension:credBlob: true, webauthn:extension:largeBlob: true, webauthn:virtualAuthenticators: true}
Session ID: 12261aafbfa0d7083e21d360eb1de0af]]>
            </message>
            <full-stacktrace>
              <![CDATA[org.openqa.selenium.NoSuchElementException: no such element: Unable to locate element: {"method":"xpath","selector":"//td[@class='dataTables_empty']"}
  (Session info: MicrosoftEdge=108.0.1462.54)
For documentation on this error, please visit: https://selenium.dev/exceptions/#no_such_element
Build info: version: '4.6.0', revision: '79f1c02ae20'
System info: os.name: 'Windows 11', os.arch: 'amd64', os.version: '10.0', java.version: '17.0.4.1'
Driver info: org.openqa.selenium.edge.EdgeDriver
Command: [12261aafbfa0d7083e21d360eb1de0af, findElement {using=xpath, value=//td[@class='dataTables_empty']}]
Capabilities {acceptInsecureCerts: false, browserName: msedge, browserVersion: 108.0.1462.54, ms:edgeOptions: {debuggerAddress: localhost:60150}, msedge: {msedgedriverVersion: 108.0.1462.54 (c2998c8c6617..., userDataDir: C:\Users\rinys\AppData\Loca...}, networkConnectionEnabled: false, pageLoadStrategy: normal, platformName: WINDOWS, proxy: Proxy(), se:cdp: ws://localhost:60150/devtoo..., se:cdpVersion: 108.0.1462.54, setWindowRect: true, strictFileInteractability: false, timeouts: {implicit: 0, pageLoad: 300000, script: 30000}, unhandledPromptBehavior: dismiss and notify, webauthn:extension:credBlob: true, webauthn:extension:largeBlob: true, webauthn:virtualAuthenticators: true}
Session ID: 12261aafbfa0d7083e21d360eb1de0af
at java.base/jdk.internal.reflect.NativeConstructorAccessorImpl.newInstance0(Native Method)
at java.base/jdk.internal.reflect.NativeConstructorAccessorImpl.newInstance(NativeConstructorAccessorImpl.java:77)
at java.base/jdk.internal.reflect.DelegatingConstructorAccessorImpl.newInstance(DelegatingConstructorAccessorImpl.java:45)
at java.base/java.lang.reflect.Constructor.newInstanceWithCaller(Constructor.java:499)
at java.base/java.lang.reflect.Constructor.newInstance(Constructor.java:480)
at org.openqa.selenium.remote.codec.w3c.W3CHttpResponseCodec.createException(W3CHttpResponseCodec.java:200)
at org.openqa.selenium.remote.codec.w3c.W3CHttpResponseCodec.decode(W3CHttpResponseCodec.java:133)
at org.openqa.selenium.remote.codec.w3c.W3CHttpResponseCodec.decode(W3CHttpResponseCodec.java:53)
at org.openqa.selenium.remote.HttpCommandExecutor.execute(HttpCommandExecutor.java:184)
at org.openqa.selenium.remote.service.DriverCommandExecutor.invokeExecute(DriverCommandExecutor.java:167)
at org.openqa.selenium.remote.service.DriverCommandExecutor.execute(DriverCommandExecutor.java:142)
at org.openqa.selenium.remote.RemoteWebDriver.execute(RemoteWebDriver.java:541)
at org.openqa.selenium.remote.ElementLocation$ElementFinder$2.findElement(ElementLocation.java:162)
at org.openqa.selenium.remote.ElementLocation.findElement(ElementLocation.java:60)
at org.openqa.selenium.remote.RemoteWebDriver.findElement(RemoteWebDriver.java:365)
at org.openqa.selenium.remote.RemoteWebDriver.findElement(RemoteWebDriver.java:357)
at org.openqa.selenium.support.pagefactory.DefaultElementLocator.findElement(DefaultElementLocator.java:70)
at org.openqa.selenium.support.pagefactory.internal.LocatingElementHandler.invoke(LocatingElementHandler.java:39)
at jdk.proxy2/jdk.proxy2.$Proxy22.getText(Unknown Source)
at com.Restaurant.Pageobjects.ExpensesPage.ConfirmDelete(ExpensesPage.java:160)
at com.Restaurant.Testcases.VerifyExpenseTest.VerifyDeleteExpense(VerifyExpenseTest.java:28)
at java.base/jdk.internal.reflect.NativeMethodAccessorImpl.invoke0(Native Method)
at java.base/jdk.internal.reflect.NativeMethodAccessorImpl.invoke(NativeMethodAccessorImpl.java:77)
at java.base/jdk.internal.reflect.DelegatingMethodAccessorImpl.invoke(DelegatingMethodAccessorImpl.java:43)
at java.base/java.lang.reflect.Method.invoke(Method.java:568)
at org.testng.internal.invokers.MethodInvocationHelper.invokeMethod(MethodInvocationHelper.java:135)
at org.testng.internal.invokers.TestInvoker.invokeMethod(TestInvoker.java:673)
at org.testng.internal.invokers.TestInvoker.invokeTestMethod(TestInvoker.java:220)
at org.testng.internal.invokers.MethodRunner.runInSequence(MethodRunner.java:50)
at org.testng.internal.invokers.TestInvoker$MethodInvocationAgent.invoke(TestInvoker.java:945)
at org.testng.internal.invokers.TestInvoker.invokeTestMethods(TestInvoker.java:193)
at org.testng.internal.invokers.TestMethodWorker.invokeTestMethods(TestMethodWorker.java:146)
at org.testng.internal.invokers.TestMethodWorker.run(TestMethodWorker.java:128)
at java.base/java.util.ArrayList.forEach(ArrayList.java:1511)
at org.testng.TestRunner.privateRun(TestRunner.java:808)
at org.testng.TestRunner.run(TestRunner.java:603)
at org.testng.SuiteRunner.runTest(SuiteRunner.java:429)
at org.testng.SuiteRunner.runSequentially(SuiteRunner.java:423)
at org.testng.SuiteRunner.privateRun(SuiteRunner.java:383)
at org.testng.SuiteRunner.run(SuiteRunner.java:326)
at org.testng.SuiteRunnerWorker.runSuite(SuiteRunnerWorker.java:52)
at org.testng.SuiteRunnerWorker.run(SuiteRunnerWorker.java:95)
at org.testng.TestNG.runSuitesSequentially(TestNG.java:1249)
at org.testng.TestNG.runSuitesLocally(TestNG.java:1169)
at org.testng.TestNG.runSuites(TestNG.java:1092)
at org.testng.TestNG.run(TestNG.java:1060)
at org.testng.remote.AbstractRemoteTestNG.run(AbstractRemoteTestNG.java:115)
at org.testng.remote.RemoteTestNG.initAndRun(RemoteTestNG.java:251)
at org.testng.remote.RemoteTestNG.main(RemoteTestNG.java:77)
]]>
            </full-stacktrace>
          </exception> <!-- org.openqa.selenium.NoSuchElementException -->
          <reporter-output>
          </reporter-output>
        </test-method> <!-- VerifyDeleteExpense -->
        <test-method is-config="true" signature="AfterMethods()[pri:0, instance:com.Restaurant.Testcases.VerifyExpenseTest@8519cb4]" started-at="2022-12-26T10:41:40 IST" name="AfterMethods" finished-at="2022-12-26T10:41:40 IST" duration-ms="145" status="PASS">
          <reporter-output>
          </reporter-output>
        </test-method> <!-- AfterMethods -->
        <test-method is-config="true" signature="firstcall(java.lang.String)[pri:0, instance:com.Restaurant.Testcases.VerifyExpenseTest@8519cb4]" started-at="2022-12-26T10:41:40 IST" name="firstcall" finished-at="2022-12-26T10:41:45 IST" duration-ms="4930" status="PASS">
          <params>
            <param index="0">
              <value>
                <![CDATA[Edge]]>
              </value>
            </param>
          </params>
          <reporter-output>
          </reporter-output>
        </test-method> <!-- firstcall -->
        <test-method signature="VerifyEditExpense()[pri:3, instance:com.Restaurant.Testcases.VerifyExpenseTest@8519cb4]" started-at="2022-12-26T10:41:45 IST" name="VerifyEditExpense" finished-at="2022-12-26T10:42:30 IST" duration-ms="45462" status="FAIL">
          <exception class="java.lang.AssertionError">
            <message>
              <![CDATA[Edit not success expected [true] but found [false]]]>
            </message>
            <full-stacktrace>
              <![CDATA[java.lang.AssertionError: Edit not success expected [true] but found [false]
at org.testng.Assert.fail(Assert.java:110)
at org.testng.Assert.failNotEquals(Assert.java:1413)
at org.testng.Assert.assertTrue(Assert.java:56)
at com.Restaurant.Testcases.VerifyExpenseTest.VerifyEditExpense(VerifyExpenseTest.java:39)
at java.base/jdk.internal.reflect.NativeMethodAccessorImpl.invoke0(Native Method)
at java.base/jdk.internal.reflect.NativeMethodAccessorImpl.invoke(NativeMethodAccessorImpl.java:77)
at java.base/jdk.internal.reflect.DelegatingMethodAccessorImpl.invoke(DelegatingMethodAccessorImpl.java:43)
at java.base/java.lang.reflect.Method.invoke(Method.java:568)
at org.testng.internal.invokers.MethodInvocationHelper.invokeMethod(MethodInvocationHelper.java:135)
at org.testng.internal.invokers.TestInvoker.invokeMethod(TestInvoker.java:673)
at org.testng.internal.invokers.TestInvoker.invokeTestMethod(TestInvoker.java:220)
at org.testng.internal.invokers.MethodRunner.runInSequence(MethodRunner.java:50)
at org.testng.internal.invokers.TestInvoker$MethodInvocationAgent.invoke(TestInvoker.java:945)
at org.testng.internal.invokers.TestInvoker.invokeTestMethods(TestInvoker.java:193)
at org.testng.internal.invokers.TestMethodWorker.invokeTestMethods(TestMethodWorker.java:146)
at org.testng.internal.invokers.TestMethodWorker.run(TestMethodWorker.java:128)
at java.base/java.util.ArrayList.forEach(ArrayList.java:1511)
at org.testng.TestRunner.privateRun(TestRunner.java:808)
at org.testng.TestRunner.run(TestRunner.java:603)
at org.testng.SuiteRunner.runTest(SuiteRunner.java:429)
at org.testng.SuiteRunner.runSequentially(SuiteRunner.java:423)
at org.testng.SuiteRunner.privateRun(SuiteRunner.java:383)
at org.testng.SuiteRunner.run(SuiteRunner.java:326)
at org.testng.SuiteRunnerWorker.runSuite(SuiteRunnerWorker.java:52)
at org.testng.SuiteRunnerWorker.run(SuiteRunnerWorker.java:95)
at org.testng.TestNG.runSuitesSequentially(TestNG.java:1249)
at org.testng.TestNG.runSuitesLocally(TestNG.java:1169)
at org.testng.TestNG.runSuites(TestNG.java:1092)
at org.testng.TestNG.run(TestNG.java:1060)
at org.testng.remote.AbstractRemoteTestNG.run(AbstractRemoteTestNG.java:115)
at org.testng.remote.RemoteTestNG.initAndRun(RemoteTestNG.java:251)
at org.testng.remote.RemoteTestNG.main(RemoteTestNG.java:77)
]]>
            </full-stacktrace>
          </exception> <!-- java.lang.AssertionError -->
          <reporter-output>
          </reporter-output>
        </test-method> <!-- VerifyEditExpense -->
        <test-method is-config="true" signature="AfterMethods()[pri:0, instance:com.Restaurant.Testcases.VerifyExpenseTest@8519cb4]" started-at="2022-12-26T10:42:30 IST" name="AfterMethods" finished-at="2022-12-26T10:42:31 IST" duration-ms="148" status="PASS">
          <reporter-output>
          </reporter-output>
        </test-method> <!-- AfterMethods -->
        <test-method is-config="true" signature="AfterSuite()[pri:0, instance:com.Restaurant.Testcases.VerifyExpenseTest@8519cb4]" started-at="2022-12-26T10:51:57 IST" name="AfterSuite" finished-at="2022-12-26T10:51:57 IST" duration-ms="518" status="PASS">
          <reporter-output>
          </reporter-output>
        </test-method> <!-- AfterSuite -->
      </class> <!-- com.Restaurant.Testcases.VerifyExpenseTest -->
      <class name="com.Restaurant.Testcases.VerifyPeopleCustomerTest">
        <test-method is-config="true" signature="firstcall(java.lang.String)[pri:0, instance:com.Restaurant.Testcases.VerifyPeopleCustomerTest@8458f04]" started-at="2022-12-26T10:42:44 IST" name="firstcall" finished-at="2022-12-26T10:42:49 IST" duration-ms="5120" status="PASS">
          <params>
            <param index="0">
              <value>
                <![CDATA[Edge]]>
              </value>
            </param>
          </params>
          <reporter-output>
          </reporter-output>
        </test-method> <!-- firstcall -->
        <test-method signature="VerifyWaiterAdd()[pri:1, instance:com.Restaurant.Testcases.VerifyPeopleCustomerTest@8458f04]" started-at="2022-12-26T10:42:49 IST" name="VerifyWaiterAdd" finished-at="2022-12-26T10:42:59 IST" duration-ms="10172" status="PASS">
          <reporter-output>
          </reporter-output>
        </test-method> <!-- VerifyWaiterAdd -->
        <test-method is-config="true" signature="AfterMethods()[pri:0, instance:com.Restaurant.Testcases.VerifyPeopleCustomerTest@8458f04]" started-at="2022-12-26T10:42:59 IST" name="AfterMethods" finished-at="2022-12-26T10:43:00 IST" duration-ms="526" status="PASS">
          <reporter-output>
          </reporter-output>
        </test-method> <!-- AfterMethods -->
        <test-method is-config="true" signature="firstcall(java.lang.String)[pri:0, instance:com.Restaurant.Testcases.VerifyPeopleCustomerTest@8458f04]" started-at="2022-12-26T10:43:00 IST" name="firstcall" finished-at="2022-12-26T10:43:05 IST" duration-ms="5043" status="PASS">
          <params>
            <param index="0">
              <value>
                <![CDATA[Edge]]>
              </value>
            </param>
          </params>
          <reporter-output>
          </reporter-output>
        </test-method> <!-- firstcall -->
        <test-method signature="verifyeditcustomer()[pri:2, instance:com.Restaurant.Testcases.VerifyPeopleCustomerTest@8458f04]" started-at="2022-12-26T10:43:05 IST" name="verifyeditcustomer" finished-at="2022-12-26T10:43:15 IST" duration-ms="10710" status="PASS">
          <reporter-output>
          </reporter-output>
        </test-method> <!-- verifyeditcustomer -->
        <test-method is-config="true" signature="AfterMethods()[pri:0, instance:com.Restaurant.Testcases.VerifyPeopleCustomerTest@8458f04]" started-at="2022-12-26T10:43:15 IST" name="AfterMethods" finished-at="2022-12-26T10:43:16 IST" duration-ms="118" status="PASS">
          <reporter-output>
          </reporter-output>
        </test-method> <!-- AfterMethods -->
        <test-method is-config="true" signature="firstcall(java.lang.String)[pri:0, instance:com.Restaurant.Testcases.VerifyPeopleCustomerTest@8458f04]" started-at="2022-12-26T10:43:16 IST" name="firstcall" finished-at="2022-12-26T10:43:20 IST" duration-ms="4796" status="PASS">
          <params>
            <param index="0">
              <value>
                <![CDATA[Edge]]>
              </value>
            </param>
          </params>
          <reporter-output>
          </reporter-output>
        </test-method> <!-- firstcall -->
        <test-method signature="WaiterDelete()[pri:3, instance:com.Restaurant.Testcases.VerifyPeopleCustomerTest@8458f04]" started-at="2022-12-26T10:43:20 IST" name="WaiterDelete" finished-at="2022-12-26T10:44:08 IST" duration-ms="48072" status="PASS">
          <reporter-output>
          </reporter-output>
        </test-method> <!-- WaiterDelete -->
        <test-method is-config="true" signature="AfterMethods()[pri:0, instance:com.Restaurant.Testcases.VerifyPeopleCustomerTest@8458f04]" started-at="2022-12-26T10:44:08 IST" name="AfterMethods" finished-at="2022-12-26T10:44:09 IST" duration-ms="145" status="PASS">
          <reporter-output>
          </reporter-output>
        </test-method> <!-- AfterMethods -->
      </class> <!-- com.Restaurant.Testcases.VerifyPeopleCustomerTest -->
      <class name="com.Restaurant.Testcases.VerifyLanguageTest">
        <test-method is-config="true" signature="firstcall(java.lang.String)[pri:0, instance:com.Restaurant.Testcases.VerifyLanguageTest@606e4010]" started-at="2022-12-26T10:42:31 IST" name="firstcall" finished-at="2022-12-26T10:42:36 IST" duration-ms="4993" status="PASS">
          <params>
            <param index="0">
              <value>
                <![CDATA[Edge]]>
              </value>
            </param>
          </params>
          <reporter-output>
          </reporter-output>
        </test-method> <!-- firstcall -->
        <test-method signature="VerifyLanguagePage()[pri:0, instance:com.Restaurant.Testcases.VerifyLanguageTest@606e4010]" started-at="2022-12-26T10:42:36 IST" name="VerifyLanguagePage" finished-at="2022-12-26T10:42:44 IST" duration-ms="8086" status="PASS">
          <reporter-output>
          </reporter-output>
        </test-method> <!-- VerifyLanguagePage -->
        <test-method is-config="true" signature="AfterMethods()[pri:0, instance:com.Restaurant.Testcases.VerifyLanguageTest@606e4010]" started-at="2022-12-26T10:42:44 IST" name="AfterMethods" finished-at="2022-12-26T10:42:44 IST" duration-ms="132" status="PASS">
          <reporter-output>
          </reporter-output>
        </test-method> <!-- AfterMethods -->
      </class> <!-- com.Restaurant.Testcases.VerifyLanguageTest -->
    </test> <!-- Test 1 -->
  </suite> <!-- Suite -->
</testng-results>
